<?xml version="1.0" encoding="UTF-8"?>
<!-- Generated by org.testng.reporters.JUnitReportReporter -->
<testsuite hostname="PF3K3V6X" failures="0" tests="1" name="StandAloneTest.StandAloneTest" time="8.837" errors="0" timestamp="2023-03-05T07:58:34 IST" skipped="0">
  <testcase classname="StandAloneTest.StandAloneTest" name="start" time="8.837"/>
  <system-out/>
</testsuite> <!-- StandAloneTest.StandAloneTest -->
