<?xml version="1.0" encoding="UTF-8"?>
<!-- Generated by org.testng.reporters.JUnitReportReporter -->
<testsuite hostname="PF3K3V6X" failures="0" tests="1" name="StandAloneTest.testcaseStartNovated" time="13.912" errors="0" timestamp="2023-03-07T18:14:51 IST" skipped="0">
  <testcase classname="StandAloneTest.testcaseStartNovated" name="start" time="13.912"/>
  <system-out/>
</testsuite> <!-- StandAloneTest.testcaseStartNovated -->
